\BOOKMARK [0][-]{DTLrowi.2.1}{CANDIDATES' DECLARATION}{}% 1
\BOOKMARK [0][-]{DTLrowi.4.3}{CERTIFICATION}{}% 2
\BOOKMARK [0][-]{DTLrowi.6.1}{ACKNOWLEDGEMENT}{}% 3
\BOOKMARK [0][-]{section*.3}{List of Figures}{}% 4
\BOOKMARK [0][-]{section*.4}{List of Tables}{}% 5
\BOOKMARK [0][-]{section*.4}{List of Algorithms}{}% 6
\BOOKMARK [0][-]{chapter*.5}{ABSTRACT}{}% 7
\BOOKMARK [0][-]{chapter.1}{Introduction}{}% 8
\BOOKMARK [1][-]{section.1.1}{Bar Visibility Representations}{chapter.1}% 9
\BOOKMARK [1][-]{section.1.2}{Bar 1-Visibility Representations}{chapter.1}% 10
\BOOKMARK [1][-]{section.1.3}{Bar 2-Visibility Representations}{chapter.1}% 11
\BOOKMARK [1][-]{section.1.4}{Applications of bar 2-Visibility Representations of 2-Planar Graphs}{chapter.1}% 12
\BOOKMARK [1][-]{section.1.5}{Previous Results}{chapter.1}% 13
\BOOKMARK [1][-]{section.1.6}{Scope of this Thesis}{chapter.1}% 14
\BOOKMARK [1][-]{section.1.7}{Thesis Organization}{chapter.1}% 15
\BOOKMARK [0][-]{chapter.2}{Preliminaries}{}% 16
\BOOKMARK [1][-]{section.2.1}{Basic Terminology}{chapter.2}% 17
\BOOKMARK [2][-]{subsection.2.1.1}{Graphs}{section.2.1}% 18
\BOOKMARK [2][-]{subsection.2.1.2}{Simple Graphs and Multigraphs}{section.2.1}% 19
\BOOKMARK [2][-]{subsection.2.1.3}{Directed and Undirected Graphs}{section.2.1}% 20
\BOOKMARK [2][-]{subsection.2.1.4}{Subgraphs}{section.2.1}% 21
\BOOKMARK [2][-]{subsection.2.1.5}{Connected Graph}{section.2.1}% 22
\BOOKMARK [1][-]{section.2.2}{Special Classes of Graphs}{chapter.2}% 23
\BOOKMARK [2][-]{subsection.2.2.1}{Planar Graphs and Plane Graphs}{section.2.2}% 24
\BOOKMARK [2][-]{subsection.2.2.2}{Dual Graph}{section.2.2}% 25
\BOOKMARK [2][-]{subsection.2.2.3}{1-Planar Graph}{section.2.2}% 26
\BOOKMARK [2][-]{subsection.2.2.4}{2-Planar Graphs}{section.2.2}% 27
\BOOKMARK [2][-]{subsection.2.2.5}{Bar k-Visibility Graphs}{section.2.2}% 28
\BOOKMARK [1][-]{section.2.3}{Numbering}{chapter.2}% 29
\BOOKMARK [2][-]{subsection.2.3.1}{st-Numbering}{section.2.3}% 30
\BOOKMARK [1][-]{section.2.4}{Drawing Conventions of Planar Graphs}{chapter.2}% 31
\BOOKMARK [2][-]{subsection.2.4.1}{Planar Drawings}{section.2.4}% 32
\BOOKMARK [2][-]{subsection.2.4.2}{Straight-line Drawings}{section.2.4}% 33
\BOOKMARK [2][-]{subsection.2.4.3}{Grid Drawings}{section.2.4}% 34
\BOOKMARK [2][-]{subsection.2.4.4}{Visibility Drawings}{section.2.4}% 35
\BOOKMARK [1][-]{section.2.5}{Drawing Conventions of Non-Planar Graphs}{chapter.2}% 36
\BOOKMARK [2][-]{subsection.2.5.1}{1-Planar Drawing}{section.2.5}% 37
\BOOKMARK [2][-]{subsection.2.5.2}{2-Planar Drawing}{section.2.5}% 38
\BOOKMARK [1][-]{section.2.6}{Complexity of Algorithms}{chapter.2}% 39
\BOOKMARK [0][-]{chapter.3}{Visibility Representations \046 2-Planar Graphs}{}% 40
\BOOKMARK [1][-]{section.3.1}{Introduction}{chapter.3}% 41
\BOOKMARK [1][-]{section.3.2}{Visibility Representations of Planar Graphs}{chapter.3}% 42
\BOOKMARK [1][-]{section.3.3}{Visibility Representations of 1-Planar Graphs}{chapter.3}% 43
\BOOKMARK [1][-]{section.3.4}{2-Planar Graphs}{chapter.3}% 44
\BOOKMARK [2][-]{subsection.3.4.1}{Configurations of 2-Planar Graphs}{section.3.4}% 45
\BOOKMARK [1][-]{section.3.5}{Conclusion}{chapter.3}% 46
\BOOKMARK [0][-]{chapter.4}{Bar 2-Visibility Representations of 2-Planar Graphs}{}% 47
\BOOKMARK [1][-]{section.4.1}{Introduction}{chapter.4}% 48
\BOOKMARK [1][-]{section.4.2}{Numbering of non-planar graph}{chapter.4}% 49
\BOOKMARK [1][-]{section.4.3}{2-Visibility Representations of 2-Planar Graphs}{chapter.4}% 50
\BOOKMARK [2][-]{subsection.4.3.1}{2-planar Graph to Planar Graph}{section.4.3}% 51
\BOOKMARK [2][-]{subsection.4.3.2}{Visibility Representation To Bar 2-Visibility Representation}{section.4.3}% 52
\BOOKMARK [2][-]{subsection.4.3.3}{Face f in visibility representations}{section.4.3}% 53
\BOOKMARK [1][-]{section.4.4}{Conclusion}{chapter.4}% 54
\BOOKMARK [0][-]{chapter.5}{Conclusion}{}% 55
\BOOKMARK [0][-]{chapter.5}{References}{}% 56
